2020-01-14 17:13:26,302 INFO notifyConnectTimeout:200

2020-01-14 17:13:26,302 INFO notifySocketTimeout:8000

2020-01-14 17:13:26,302 INFO isHealthCheck:true

2020-01-14 17:13:26,302 INFO maxHealthCheckFailCount:12

2020-01-14 17:13:26,302 INFO maxContent:10485760

2020-01-14 17:13:30,230 WARN DumpService start

2020-01-14 17:13:30,233 INFO start clear all config-info.

2020-01-14 17:13:30,239 WARN clear all config-info failed.

2020-01-14 17:13:30,240 WARN clear all config-info-tenant failed.

2020-01-14 17:13:30,337 INFO start clear all config-info-beta.

2020-01-14 17:13:30,338 WARN clear all config-info-beta failed.

2020-01-14 17:13:30,339 WARN clear all config-info-beta-tenant failed.

2020-01-14 17:13:30,351 INFO start clear all config-info-tag.

2020-01-14 17:13:30,352 WARN clear all config-info-tag failed.

2020-01-14 17:13:30,352 WARN clear all config-info-tag-tenant failed.

2020-01-14 17:13:30,971 INFO ServerListService address-server port:8848

2020-01-14 17:13:30,971 INFO ADDRESS_SERVER_URL:http://jmenv.tbsite.net:8080/nacos/serverlist

2020-01-14 17:13:30,972 WARN [serverlist] updated to [10.11.229.113]

2020-01-14 18:23:26,613 INFO notifyConnectTimeout:200

2020-01-14 18:23:26,614 INFO notifySocketTimeout:8000

2020-01-14 18:23:26,615 INFO isHealthCheck:true

2020-01-14 18:23:26,615 INFO maxHealthCheckFailCount:12

2020-01-14 18:23:26,615 INFO maxContent:10485760

2020-01-14 18:23:28,315 INFO Schema 'NACOS' already exists.

2020-01-14 18:23:28,484 INFO Table/View 'CONFIG_INFO' already exists in Schema 'NACOS'.

2020-01-14 18:23:28,537 INFO Table/View 'HIS_CONFIG_INFO' already exists in Schema 'NACOS'.

2020-01-14 18:23:28,572 INFO Table/View 'CONFIG_INFO_BETA' already exists in Schema 'NACOS'.

2020-01-14 18:23:28,597 INFO Table/View 'CONFIG_INFO_TAG' already exists in Schema 'NACOS'.

2020-01-14 18:23:28,619 INFO Table/View 'CONFIG_INFO_AGGR' already exists in Schema 'NACOS'.

2020-01-14 18:23:28,703 INFO Table/View 'APP_LIST' already exists in Schema 'NACOS'.

2020-01-14 18:23:28,734 INFO Table/View 'APP_CONFIGDATA_RELATION_SUBS' already exists in Schema 'NACOS'.

2020-01-14 18:23:28,754 INFO Table/View 'APP_CONFIGDATA_RELATION_PUBS' already exists in Schema 'NACOS'.

2020-01-14 18:23:28,778 INFO Table/View 'CONFIG_TAGS_RELATION' already exists in Schema 'NACOS'.

2020-01-14 18:23:28,814 INFO Table/View 'GROUP_CAPACITY' already exists in Schema 'NACOS'.

2020-01-14 18:23:28,846 INFO Table/View 'TENANT_CAPACITY' already exists in Schema 'NACOS'.

2020-01-14 18:23:28,881 INFO Table/View 'TENANT_INFO' already exists in Schema 'NACOS'.

2020-01-14 18:23:28,914 INFO Table/View 'USERS' already exists in Schema 'NACOS'.

2020-01-14 18:23:28,938 INFO Table/View 'ROLES' already exists in Schema 'NACOS'.

2020-01-14 18:23:29,027 INFO The statement was aborted because it would have caused a duplicate key value in a unique or primary key constraint or unique index identified by 'SQL200114171330020' defined on 'USERS'.

2020-01-14 18:23:29,190 WARN DumpService start

2020-01-14 18:23:29,194 INFO start clear all config-info.

2020-01-14 18:23:29,202 WARN clear all config-info failed.

2020-01-14 18:23:29,202 WARN clear all config-info-tenant failed.

2020-01-14 18:23:29,346 INFO [all-dump] 1 / 1

2020-01-14 18:23:29,346 INFO start clear all config-info-beta.

2020-01-14 18:23:29,347 WARN clear all config-info-beta failed.

2020-01-14 18:23:29,347 WARN clear all config-info-beta-tenant failed.

2020-01-14 18:23:29,356 INFO start clear all config-info-tag.

2020-01-14 18:23:29,357 WARN clear all config-info-tag failed.

2020-01-14 18:23:29,357 WARN clear all config-info-tag-tenant failed.

2020-01-14 18:23:29,924 INFO ServerListService address-server port:8848

2020-01-14 18:23:29,925 INFO ADDRESS_SERVER_URL:http://jmenv.tbsite.net:8080/nacos/serverlist

2020-01-14 18:23:29,925 WARN [serverlist] updated to [10.11.229.113]

