2020-01-14 17:13:22,439 INFO Starting Nacos v1.1.4 on maple with PID 18132 (E:\project\idea\git\dubbo-nacos-parent\nacos\distribution\target\nacos-server-1.1.4\nacos\target\nacos-server.jar started by caotingwang in E:\project\idea\git\dubbo-nacos-parent\nacos\distribution\target\nacos-server-1.1.4\nacos\bin)

2020-01-14 17:13:22,442 INFO The following profiles are active: standalone

2020-01-14 17:13:24,448 INFO Bean 'org.springframework.security.config.annotation.configuration.ObjectPostProcessorConfiguration' of type [org.springframework.security.config.annotation.configuration.ObjectPostProcessorConfiguration$$EnhancerBySpringCGLIB$$82d219f1] is not eligible for getting processed by all BeanPostProcessors (for example: not eligible for auto-proxying)

2020-01-14 17:13:24,559 INFO Bean 'objectPostProcessor' of type [org.springframework.security.config.annotation.configuration.AutowireBeanFactoryObjectPostProcessor] is not eligible for getting processed by all BeanPostProcessors (for example: not eligible for auto-proxying)

2020-01-14 17:13:24,562 INFO Bean 'org.springframework.security.access.expression.method.DefaultMethodSecurityExpressionHandler@2b30a42c' of type [org.springframework.security.access.expression.method.DefaultMethodSecurityExpressionHandler] is not eligible for getting processed by all BeanPostProcessors (for example: not eligible for auto-proxying)

2020-01-14 17:13:24,566 INFO Bean 'org.springframework.security.config.annotation.method.configuration.GlobalMethodSecurityConfiguration' of type [org.springframework.security.config.annotation.method.configuration.GlobalMethodSecurityConfiguration$$EnhancerBySpringCGLIB$$a7a6bca3] is not eligible for getting processed by all BeanPostProcessors (for example: not eligible for auto-proxying)

2020-01-14 17:13:24,573 INFO Bean 'methodSecurityMetadataSource' of type [org.springframework.security.access.method.DelegatingMethodSecurityMetadataSource] is not eligible for getting processed by all BeanPostProcessors (for example: not eligible for auto-proxying)

2020-01-14 17:13:25,325 INFO Tomcat initialized with port(s): 8848 (http)

2020-01-14 17:13:25,354 INFO Starting service [Tomcat]

2020-01-14 17:13:25,354 INFO Starting Servlet Engine: Apache Tomcat/9.0.13

2020-01-14 17:13:25,366 INFO The APR based Apache Tomcat Native library which allows optimal performance in production environments was not found on the java.library.path: [D:\Program Files\Java\jdk1.8.0_144\bin;C:\windows\Sun\Java\bin;C:\windows\system32;C:\windows;D:\Program Files (x86)\NetSarang\Xftp 6\;D:\Program Files\Python37\Scripts\;D:\Program Files\Python37\;D:\Program Files (x86)\NetSarang\Xshell 6\;D:\Program Files\Java\jdk1.8.0_144\bin;C:\ProgramData\Oracle\Java\javapath;C:\windows\system32;C:\windows;C:\windows\System32\Wbem;C:\windows\System32\WindowsPowerShell\v1.0\;C:\windows\System32\OpenSSH\;C:\Program Files (x86)\NVIDIA Corporation\PhysX\Common;C:\Program Files\Intel\WiFi\bin\;C:\Program Files\Common Files\Intel\WirelessCommon\;C:\Program Files (x86)\Intel\Intel(R) Management Engine Components\DAL;C:\Program Files\Intel\Intel(R) Management Engine Components\DAL;D:\Program Files\Git\cmd;G:\apache-maven-3.5.0\bin;C:\Program Files\nodejs\;D:\Program Files (x86)\Microsoft SQL Server\100\Tools\Binn\;D:\Program Files\Microsoft SQL Server\100\Tools\Binn\;D:\Program Files\Microsoft SQL Server\100\DTS\Binn\;D:\Program Files (x86)\Microsoft SQL Server\100\Tools\Binn\VSShell\Common7\IDE\;C:\Program Files (x86)\Microsoft Visual Studio 9.0\Common7\IDE\PrivateAssemblies\;D:\Program Files (x86)\Microsoft SQL Server\100\DTS\Binn\;C:\Users\caotingwang\AppData\Local\Microsoft\WindowsApps;C:\Users\caotingwang\AppData\Local\BypassRuntm;D:\Program Files\JetBrains\PyCharm 2018.3.5\bin;;C:\Users\caotingwang\AppData\Roaming\npm;D:\Programs\Microsoft VS Code\bin;D:\Programs\Fiddler;.]

2020-01-14 17:13:25,458 INFO Initializing Spring embedded WebApplicationContext

2020-01-14 17:13:25,458 INFO Root WebApplicationContext: initialization completed in 2965 ms

2020-01-14 17:13:31,063 INFO Use Mysql as the driver

2020-01-14 17:13:31,709 INFO Initializing ExecutorService 'applicationTaskExecutor'

2020-01-14 17:13:31,918 INFO Adding welcome page: class path resource [static/index.html]

2020-01-14 17:13:32,301 INFO Creating filter chain: Ant [pattern='/'], []

2020-01-14 17:13:32,301 INFO Creating filter chain: Ant [pattern='/**/*.css'], []

2020-01-14 17:13:32,302 INFO Creating filter chain: Ant [pattern='/**/*.js'], []

2020-01-14 17:13:32,302 INFO Creating filter chain: Ant [pattern='/**/*.html'], []

2020-01-14 17:13:32,302 INFO Creating filter chain: Ant [pattern='/**/*.map'], []

2020-01-14 17:13:32,303 INFO Creating filter chain: Ant [pattern='/**/*.svg'], []

2020-01-14 17:13:32,303 INFO Creating filter chain: Ant [pattern='/**/*.png'], []

2020-01-14 17:13:32,303 INFO Creating filter chain: Ant [pattern='/**/*.ico'], []

2020-01-14 17:13:32,304 INFO Creating filter chain: Ant [pattern='/console-fe/public/**'], []

2020-01-14 17:13:32,305 INFO Creating filter chain: Ant [pattern='/v1/auth/login'], []

2020-01-14 17:13:32,305 INFO Creating filter chain: Ant [pattern='/v1/console/health/**'], []

2020-01-14 17:13:32,306 INFO Creating filter chain: Ant [pattern='/v1/cs/**'], []

2020-01-14 17:13:32,306 INFO Creating filter chain: Ant [pattern='/v1/ns/**'], []

2020-01-14 17:13:32,306 INFO Creating filter chain: Ant [pattern='/v1/cmdb/**'], []

2020-01-14 17:13:32,307 INFO Creating filter chain: Ant [pattern='/actuator/**'], []

2020-01-14 17:13:32,307 INFO Creating filter chain: Ant [pattern='/v1/console/server/**'], []

2020-01-14 17:13:32,344 INFO Creating filter chain: any request, [org.springframework.security.web.context.request.async.WebAsyncManagerIntegrationFilter@4a9f80d3, org.springframework.security.web.context.SecurityContextPersistenceFilter@5d465e4b, org.springframework.security.web.header.HeaderWriterFilter@4e76dac, org.springframework.security.web.authentication.logout.LogoutFilter@78aea4b9, com.alibaba.nacos.console.filter.JwtAuthenticationTokenFilter@35beb15e, org.springframework.security.web.savedrequest.RequestCacheAwareFilter@41a90fa8, org.springframework.security.web.servletapi.SecurityContextHolderAwareRequestFilter@117e0fe5, org.springframework.security.web.authentication.AnonymousAuthenticationFilter@41fe9859, org.springframework.security.web.session.SessionManagementFilter@5f2f577, org.springframework.security.web.access.ExceptionTranslationFilter@30ea8c23, org.springframework.security.web.access.intercept.FilterSecurityInterceptor@3e2943ab]

2020-01-14 17:13:32,466 INFO Exposing 2 endpoint(s) beneath base path '/actuator'

2020-01-14 17:13:32,505 INFO Initializing ExecutorService 'taskScheduler'

2020-01-14 17:13:32,615 INFO Tomcat started on port(s): 8848 (http) with context path '/nacos'

2020-01-14 17:13:32,623 INFO Started Nacos in 11.283 seconds (JVM running for 11.899)

2020-01-14 17:13:32,623 INFO Nacos Log files: E:\project\idea\git\dubbo-nacos-parent\nacos\distribution\target\nacos-server-1.1.4\nacos/logs/

2020-01-14 17:13:32,623 INFO Nacos Conf files: E:\project\idea\git\dubbo-nacos-parent\nacos\distribution\target\nacos-server-1.1.4\nacos/conf/

2020-01-14 17:13:32,624 INFO Nacos Data files: E:\project\idea\git\dubbo-nacos-parent\nacos\distribution\target\nacos-server-1.1.4\nacos/data/

2020-01-14 17:13:32,624 INFO Nacos started successfully in stand alone mode.

2020-01-14 17:13:36,082 INFO Initializing Spring DispatcherServlet 'dispatcherServlet'

2020-01-14 17:13:36,083 INFO Initializing Servlet 'dispatcherServlet'

2020-01-14 17:13:36,092 INFO Completed initialization in 9 ms

2020-01-14 17:13:46,672 ERROR Responding with unauthorized error. Message - Full authentication is required to access this resource

2020-01-14 17:23:30,226 INFO [capacityManagement] start correct usage

2020-01-14 17:23:30,253 INFO [capacityManagement] end correct usage, cost: 0s

2020-01-14 17:23:30,385 WARN clearConfigHistory start

2020-01-14 17:33:30,254 INFO [capacityManagement] start correct usage

2020-01-14 17:33:30,256 INFO [capacityManagement] end correct usage, cost: 0s

2020-01-14 17:33:30,399 WARN clearConfigHistory start

2020-01-14 17:43:30,206 INFO [capacityManagement] start correct usage

2020-01-14 17:43:30,208 INFO [capacityManagement] end correct usage, cost: 0s

2020-01-14 17:43:30,349 WARN clearConfigHistory start

2020-01-14 17:52:42,935 INFO Expired JWT token.

2020-01-14 17:52:42,947 ERROR Responding with unauthorized error. Message - Full authentication is required to access this resource

2020-01-14 17:53:30,144 INFO [capacityManagement] start correct usage

2020-01-14 17:53:30,145 INFO [capacityManagement] end correct usage, cost: 0s

2020-01-14 17:53:30,287 WARN clearConfigHistory start

2020-01-14 18:03:30,100 INFO [capacityManagement] start correct usage

2020-01-14 18:03:30,100 INFO [capacityManagement] end correct usage, cost: 0s

2020-01-14 18:03:30,242 WARN clearConfigHistory start

2020-01-14 18:13:30,059 INFO [capacityManagement] start correct usage

2020-01-14 18:13:30,059 INFO [capacityManagement] end correct usage, cost: 0s

2020-01-14 18:13:30,201 WARN clearConfigHistory start

2020-01-14 18:23:21,885 INFO Starting Nacos v1.1.4 on maple with PID 8360 (E:\project\idea\git\dubbo-nacos-parent\nacos\target\nacos-server.jar started by caotingwang in E:\project\idea\git\dubbo-nacos-parent\nacos\bin)

2020-01-14 18:23:21,888 INFO The following profiles are active: standalone

2020-01-14 18:23:23,876 INFO Bean 'org.springframework.security.config.annotation.configuration.ObjectPostProcessorConfiguration' of type [org.springframework.security.config.annotation.configuration.ObjectPostProcessorConfiguration$$EnhancerBySpringCGLIB$$49f3cb4] is not eligible for getting processed by all BeanPostProcessors (for example: not eligible for auto-proxying)

2020-01-14 18:23:23,955 INFO Bean 'objectPostProcessor' of type [org.springframework.security.config.annotation.configuration.AutowireBeanFactoryObjectPostProcessor] is not eligible for getting processed by all BeanPostProcessors (for example: not eligible for auto-proxying)

2020-01-14 18:23:23,958 INFO Bean 'org.springframework.security.access.expression.method.DefaultMethodSecurityExpressionHandler@1033576a' of type [org.springframework.security.access.expression.method.DefaultMethodSecurityExpressionHandler] is not eligible for getting processed by all BeanPostProcessors (for example: not eligible for auto-proxying)

2020-01-14 18:23:23,961 INFO Bean 'org.springframework.security.config.annotation.method.configuration.GlobalMethodSecurityConfiguration' of type [org.springframework.security.config.annotation.method.configuration.GlobalMethodSecurityConfiguration$$EnhancerBySpringCGLIB$$2973df66] is not eligible for getting processed by all BeanPostProcessors (for example: not eligible for auto-proxying)

2020-01-14 18:23:23,967 INFO Bean 'methodSecurityMetadataSource' of type [org.springframework.security.access.method.DelegatingMethodSecurityMetadataSource] is not eligible for getting processed by all BeanPostProcessors (for example: not eligible for auto-proxying)

2020-01-14 18:23:25,224 INFO Tomcat initialized with port(s): 8848 (http)

2020-01-14 18:23:25,264 INFO Starting service [Tomcat]

2020-01-14 18:23:25,264 INFO Starting Servlet Engine: Apache Tomcat/9.0.13

2020-01-14 18:23:25,283 INFO The APR based Apache Tomcat Native library which allows optimal performance in production environments was not found on the java.library.path: [D:\Program Files\Java\jdk1.8.0_144\bin;C:\windows\Sun\Java\bin;C:\windows\system32;C:\windows;D:\Program Files (x86)\NetSarang\Xftp 6\;D:\Program Files\Python37\Scripts\;D:\Program Files\Python37\;D:\Program Files (x86)\NetSarang\Xshell 6\;D:\Program Files\Java\jdk1.8.0_144\bin;C:\ProgramData\Oracle\Java\javapath;C:\windows\system32;C:\windows;C:\windows\System32\Wbem;C:\windows\System32\WindowsPowerShell\v1.0\;C:\windows\System32\OpenSSH\;C:\Program Files (x86)\NVIDIA Corporation\PhysX\Common;C:\Program Files\Intel\WiFi\bin\;C:\Program Files\Common Files\Intel\WirelessCommon\;C:\Program Files (x86)\Intel\Intel(R) Management Engine Components\DAL;C:\Program Files\Intel\Intel(R) Management Engine Components\DAL;D:\Program Files\Git\cmd;G:\apache-maven-3.5.0\bin;C:\Program Files\nodejs\;D:\Program Files (x86)\Microsoft SQL Server\100\Tools\Binn\;D:\Program Files\Microsoft SQL Server\100\Tools\Binn\;D:\Program Files\Microsoft SQL Server\100\DTS\Binn\;D:\Program Files (x86)\Microsoft SQL Server\100\Tools\Binn\VSShell\Common7\IDE\;C:\Program Files (x86)\Microsoft Visual Studio 9.0\Common7\IDE\PrivateAssemblies\;D:\Program Files (x86)\Microsoft SQL Server\100\DTS\Binn\;C:\Users\caotingwang\AppData\Local\Microsoft\WindowsApps;C:\Users\caotingwang\AppData\Local\BypassRuntm;D:\Program Files\JetBrains\PyCharm 2018.3.5\bin;;C:\Users\caotingwang\AppData\Roaming\npm;D:\Programs\Microsoft VS Code\bin;D:\Programs\Fiddler;.]

2020-01-14 18:23:25,383 INFO Initializing Spring embedded WebApplicationContext

2020-01-14 18:23:25,383 INFO Root WebApplicationContext: initialization completed in 3441 ms

2020-01-14 18:23:29,996 INFO Use Mysql as the driver

2020-01-14 18:23:30,671 INFO Initializing ExecutorService 'applicationTaskExecutor'

2020-01-14 18:23:30,858 INFO Adding welcome page: class path resource [static/index.html]

2020-01-14 18:23:31,209 INFO Creating filter chain: Ant [pattern='/'], []

2020-01-14 18:23:31,210 INFO Creating filter chain: Ant [pattern='/**/*.css'], []

2020-01-14 18:23:31,211 INFO Creating filter chain: Ant [pattern='/**/*.js'], []

2020-01-14 18:23:31,212 INFO Creating filter chain: Ant [pattern='/**/*.html'], []

2020-01-14 18:23:31,213 INFO Creating filter chain: Ant [pattern='/**/*.map'], []

2020-01-14 18:23:31,213 INFO Creating filter chain: Ant [pattern='/**/*.svg'], []

2020-01-14 18:23:31,214 INFO Creating filter chain: Ant [pattern='/**/*.png'], []

2020-01-14 18:23:31,214 INFO Creating filter chain: Ant [pattern='/**/*.ico'], []

2020-01-14 18:23:31,215 INFO Creating filter chain: Ant [pattern='/console-fe/public/**'], []

2020-01-14 18:23:31,215 INFO Creating filter chain: Ant [pattern='/v1/auth/login'], []

2020-01-14 18:23:31,215 INFO Creating filter chain: Ant [pattern='/v1/console/health/**'], []

2020-01-14 18:23:31,216 INFO Creating filter chain: Ant [pattern='/v1/cs/**'], []

2020-01-14 18:23:31,216 INFO Creating filter chain: Ant [pattern='/v1/ns/**'], []

2020-01-14 18:23:31,216 INFO Creating filter chain: Ant [pattern='/v1/cmdb/**'], []

2020-01-14 18:23:31,217 INFO Creating filter chain: Ant [pattern='/actuator/**'], []

2020-01-14 18:23:31,217 INFO Creating filter chain: Ant [pattern='/v1/console/server/**'], []

2020-01-14 18:23:31,255 INFO Creating filter chain: any request, [org.springframework.security.web.context.request.async.WebAsyncManagerIntegrationFilter@7b324585, org.springframework.security.web.context.SecurityContextPersistenceFilter@422c3c7a, org.springframework.security.web.header.HeaderWriterFilter@45c8d09f, org.springframework.security.web.authentication.logout.LogoutFilter@531c311e, com.alibaba.nacos.console.filter.JwtAuthenticationTokenFilter@2e11485, org.springframework.security.web.savedrequest.RequestCacheAwareFilter@d8305c2, org.springframework.security.web.servletapi.SecurityContextHolderAwareRequestFilter@75e91545, org.springframework.security.web.authentication.AnonymousAuthenticationFilter@60dce7ea, org.springframework.security.web.session.SessionManagementFilter@14b030a0, org.springframework.security.web.access.ExceptionTranslationFilter@5f031ebd, org.springframework.security.web.access.intercept.FilterSecurityInterceptor@1c7fd41f]

2020-01-14 18:23:31,350 INFO Exposing 2 endpoint(s) beneath base path '/actuator'

2020-01-14 18:23:31,389 INFO Initializing ExecutorService 'taskScheduler'

2020-01-14 18:23:31,492 INFO Tomcat started on port(s): 8848 (http) with context path '/nacos'

2020-01-14 18:23:31,500 INFO Started Nacos in 10.681 seconds (JVM running for 11.197)

2020-01-14 18:23:31,500 INFO Nacos Log files: E:\project\idea\git\dubbo-nacos-parent\nacos/logs/

2020-01-14 18:23:31,501 INFO Nacos Conf files: E:\project\idea\git\dubbo-nacos-parent\nacos/conf/

2020-01-14 18:23:31,501 INFO Nacos Data files: E:\project\idea\git\dubbo-nacos-parent\nacos/data/

2020-01-14 18:23:31,502 INFO Nacos started successfully in stand alone mode.

2020-01-14 18:23:35,027 INFO Initializing Spring DispatcherServlet 'dispatcherServlet'

2020-01-14 18:23:35,028 INFO Initializing Servlet 'dispatcherServlet'

2020-01-14 18:23:35,038 INFO Completed initialization in 10 ms

